#
# A fatal error has been detected by the Java Runtime Environment:
#
#  Internal Error (constantTag.cpp:59), pid=21516, tid=0x00000000000058f4
#  Error: ShouldNotReachHere()
#
# JRE version: Java(TM) SE Runtime Environment (8.0_181-b13) (build 1.8.0_181-b13)
# Java VM: Java HotSpot(TM) 64-Bit Server VM (25.181-b13 mixed mode windows-amd64 compressed oops)
# Failed to write core dump. Minidumps are not enabled by default on client versions of Windows
#
# If you would like to submit a bug report, please visit:
#   http://bugreport.java.com/bugreport/crash.jsp
#

---------------  T H R E A D  ---------------

Current thread (0x000000001824d000):  VMThread [stack: 0x0000000019f10000,0x000000001a010000] [id=22772]

Stack: [0x0000000019f10000,0x000000001a010000]
[error occurred during error reporting (printing stack bounds), id 0xc0000005]

Native frames: (J=compiled Java code, j=interpreted, Vv=VM code, C=native code)

VM_Operation (0x000000001ad4f4e0): GetOrSetLocal, mode: safepoint, requested by thread 0x000000001a159000


---------------  P R O C E S S  ---------------

Java Threads: ( => current thread )
  0x000000001bdfa800 JavaThread "ReaderThread" [_thread_in_native, id=18792, stack(0x000000001dcf0000,0x000000001ddf0000)]
  0x000000001b91c800 JavaThread "Service Thread" daemon [_thread_blocked, id=24316, stack(0x000000001cb20000,0x000000001cc20000)]
  0x000000001b816800 JavaThread "C1 CompilerThread3" daemon [_thread_blocked, id=17932, stack(0x000000001ca20000,0x000000001cb20000)]
  0x000000001b815800 JavaThread "C2 CompilerThread2" daemon [_thread_blocked, id=23252, stack(0x000000001c920000,0x000000001ca20000)]
  0x000000001b808800 JavaThread "C2 CompilerThread1" daemon [_thread_blocked, id=21236, stack(0x000000001c820000,0x000000001c920000)]
  0x000000001b911000 JavaThread "C2 CompilerThread0" daemon [_thread_blocked, id=19312, stack(0x000000001c720000,0x000000001c820000)]
  0x000000001a165000 JavaThread "JDWP Command Reader" daemon [_thread_in_native, id=24324, stack(0x000000001ae50000,0x000000001af50000)]
  0x000000001a164000 JavaThread "JDWP Event Helper Thread" daemon [_thread_blocked, id=15824, stack(0x000000001ad50000,0x000000001ae50000)]
  0x000000001a159000 JavaThread "JDWP Transport Listener: dt_socket" daemon [_thread_blocked, id=23124, stack(0x000000001ac50000,0x000000001ad50000)]
  0x000000001a14b800 JavaThread "Attach Listener" daemon [_thread_blocked, id=3292, stack(0x000000001a810000,0x000000001a910000)]
  0x000000001a14a800 JavaThread "Signal Dispatcher" daemon [_thread_blocked, id=6020, stack(0x000000001a710000,0x000000001a810000)]
  0x000000001a131800 JavaThread "Finalizer" daemon [_thread_blocked, id=23596, stack(0x000000001a510000,0x000000001a610000)]
  0x0000000018256000 JavaThread "Reference Handler" daemon [_thread_blocked, id=24428, stack(0x000000001a010000,0x000000001a110000)]
  0x000000000300b000 JavaThread "main" [_thread_blocked, id=15088, stack(0x0000000002ec0000,0x0000000002fc0000)]

Other Threads:
=>0x000000001824d000 VMThread [stack: 0x0000000019f10000,0x000000001a010000] [id=22772]
  0x000000001b809000 WatcherThread [stack: 0x000000001cc20000,0x000000001cd20000] [id=18696]

VM state:at safepoint (normal execution)

VM Mutex/Monitor currently owned by a thread:  ([mutex/lock_event])
[0x0000000003008580] Threads_lock - owner thread: 0x000000001824d000

Heap:
 PSYoungGen      total 81408K, used 24693K [0x00000000d5d00000, 0x00000000dc080000, 0x0000000100000000)
  eden space 73216K, 23% used [0x00000000d5d00000,0x00000000d6d87d20,0x00000000da480000)
  from space 8192K, 94% used [0x00000000dad80000,0x00000000db5159e0,0x00000000db580000)
  to   space 11264K, 0% used [0x00000000db580000,0x00000000db580000,0x00000000dc080000)
 ParOldGen       total 69632K, used 13778K [0x0000000081600000, 0x0000000085a00000, 0x00000000d5d00000)
  object space 69632K, 19% used [0x0000000081600000,0x00000000823748e0,0x0000000085a00000)
 Metaspace       used 40133K, capacity 41682K, committed 41728K, reserved 1085440K
  class space    used 5406K, capacity 5887K, committed 5888K, reserved 1048576K

Card table byte_map: [0x0000000012630000,0x0000000012a30000] byte_map_base: 0x0000000012225000

Marking Bits: (ParMarkBitMap*) 0x000000005bc32d00
 Begin Bits: [0x00000000134e0000, 0x0000000015488000)
 End Bits:   [0x0000000015488000, 0x0000000017430000)

Polling page: 0x0000000001560000

CodeCache: size=245760Kb used=11292Kb max_used=12105Kb free=234467Kb
 bounds [0x0000000003270000, 0x0000000003e70000, 0x0000000012270000]
 total_blobs=3094 nmethods=2412 adapters=601
 compilation: enabled

Compilation events (10 events):
Event: 7.338 Thread 0x000000001b816800 nmethod 2566 0x0000000003e19050 code [0x0000000003e191c0, 0x0000000003e194a8]
Event: 7.345 Thread 0x000000001b911000 nmethod 2550 0x0000000003e18750 code [0x0000000003e188a0, 0x0000000003e18e28]
Event: 7.345 Thread 0x000000001b911000 2563       4       java.lang.ref.Reference::<init> (25 bytes)
Event: 7.346 Thread 0x000000001b911000 nmethod 2563 0x00000000033a0910 code [0x00000000033a0a40, 0x00000000033a0ad8]
Event: 7.351 Thread 0x000000001b815800 nmethod 2558 0x0000000003e34cd0 code [0x0000000003e34e40, 0x0000000003e355f8]
Event: 7.367 Thread 0x000000001b808800 nmethod 2541 0x0000000003e4e7d0 code [0x0000000003e4ebe0, 0x0000000003e51e20]
Event: 4370.191 Thread 0x000000001b815800 2573       4       org.eclipse.jdt.launching.internal.org.objectweb.asm.ClassWriter::toByteArray (1296 bytes)
Event: 4370.550 Thread 0x000000001b815800 nmethod 2573 0x0000000003e56a50 code [0x0000000003e57060, 0x0000000003e61bf8]
Event: 4391.742 Thread 0x000000001b911000 2574       4       org.eclipse.jdt.launching.internal.org.objectweb.asm.ClassReader::readField (667 bytes)
Event: 4391.848 Thread 0x000000001b911000 nmethod 2574 0x00000000034c5dd0 code [0x00000000034c6120, 0x00000000034cb4c8]

GC Heap History (10 events):
Event: 368.378 GC heap before
{Heap before GC invocations=17 (full 1):
 PSYoungGen      total 96256K, used 19217K [0x00000000d5d00000, 0x00000000dd900000, 0x0000000100000000)
  eden space 81920K, 17% used [0x00000000d5d00000,0x00000000d6b5d0d8,0x00000000dad00000)
  from space 14336K, 31% used [0x00000000dbd00000,0x00000000dc167488,0x00000000dcb00000)
  to   space 13824K, 0% used [0x00000000dcb80000,0x00000000dcb80000,0x00000000dd900000)
 ParOldGen       total 56320K, used 33727K [0x0000000081600000, 0x0000000084d00000, 0x00000000d5d00000)
  object space 56320K, 59% used [0x0000000081600000,0x00000000836eff88,0x0000000084d00000)
 Metaspace       used 34725K, capacity 35326K, committed 35456K, reserved 1079296K
  class space    used 4489K, capacity 4649K, committed 4736K, reserved 1048576K
Event: 368.381 GC heap after
Heap after GC invocations=17 (full 1):
 PSYoungGen      total 82944K, used 3371K [0x00000000d5d00000, 0x00000000dcf00000, 0x0000000100000000)
  eden space 79360K, 0% used [0x00000000d5d00000,0x00000000d5d00000,0x00000000daa80000)
  from space 3584K, 94% used [0x00000000dcb80000,0x00000000dcecac90,0x00000000dcf00000)
  to   space 13312K, 0% used [0x00000000db500000,0x00000000db500000,0x00000000dc200000)
 ParOldGen       total 56320K, used 33727K [0x0000000081600000, 0x0000000084d00000, 0x00000000d5d00000)
  object space 56320K, 59% used [0x0000000081600000,0x00000000836eff88,0x0000000084d00000)
 Metaspace       used 34725K, capacity 35326K, committed 35456K, reserved 1079296K
  class space    used 4489K, capacity 4649K, committed 4736K, reserved 1048576K
}
Event: 368.381 GC heap before
{Heap before GC invocations=18 (full 2):
 PSYoungGen      total 82944K, used 3371K [0x00000000d5d00000, 0x00000000dcf00000, 0x0000000100000000)
  eden space 79360K, 0% used [0x00000000d5d00000,0x00000000d5d00000,0x00000000daa80000)
  from space 3584K, 94% used [0x00000000dcb80000,0x00000000dcecac90,0x00000000dcf00000)
  to   space 13312K, 0% used [0x00000000db500000,0x00000000db500000,0x00000000dc200000)
 ParOldGen       total 56320K, used 33727K [0x0000000081600000, 0x0000000084d00000, 0x00000000d5d00000)
  object space 56320K, 59% used [0x0000000081600000,0x00000000836eff88,0x0000000084d00000)
 Metaspace       used 34725K, capacity 35326K, committed 35456K, reserved 1079296K
  class space    used 4489K, capacity 4649K, committed 4736K, reserved 1048576K
Event: 368.427 GC heap after
Heap after GC invocations=18 (full 2):
 PSYoungGen      total 82944K, used 0K [0x00000000d5d00000, 0x00000000dcf00000, 0x0000000100000000)
  eden space 79360K, 0% used [0x00000000d5d00000,0x00000000d5d00000,0x00000000daa80000)
  from space 3584K, 0% used [0x00000000dcb80000,0x00000000dcb80000,0x00000000dcf00000)
  to   space 13312K, 0% used [0x00000000db500000,0x00000000db500000,0x00000000dc200000)
 ParOldGen       total 69632K, used 13778K [0x0000000081600000, 0x0000000085a00000, 0x00000000d5d00000)
  object space 69632K, 19% used [0x0000000081600000,0x00000000823748e0,0x0000000085a00000)
 Metaspace       used 34725K, capacity 35326K, committed 35456K, reserved 1079296K
  class space    used 4489K, capacity 4649K, committed 4736K, reserved 1048576K
}
Event: 400.528 GC heap before
{Heap before GC invocations=19 (full 2):
 PSYoungGen      total 82944K, used 79360K [0x00000000d5d00000, 0x00000000dcf00000, 0x0000000100000000)
  eden space 79360K, 100% used [0x00000000d5d00000,0x00000000daa80000,0x00000000daa80000)
  from space 3584K, 0% used [0x00000000dcb80000,0x00000000dcb80000,0x00000000dcf00000)
  to   space 13312K, 0% used [0x00000000db500000,0x00000000db500000,0x00000000dc200000)
 ParOldGen       total 69632K, used 13778K [0x0000000081600000, 0x0000000085a00000, 0x00000000d5d00000)
  object space 69632K, 19% used [0x0000000081600000,0x00000000823748e0,0x0000000085a00000)
 Metaspace       used 36755K, capacity 37820K, committed 37888K, reserved 1081344K
  class space    used 4815K, capacity 5114K, committed 5120K, reserved 1048576K
Event: 400.533 GC heap after
Heap after GC invocations=19 (full 2):
 PSYoungGen      total 81408K, used 3946K [0x00000000d5d00000, 0x00000000dcc00000, 0x0000000100000000)
  eden space 77312K, 0% used [0x00000000d5d00000,0x00000000d5d00000,0x00000000da880000)
  from space 4096K, 96% used [0x00000000db500000,0x00000000db8daaa0,0x00000000db900000)
  to   space 12288K, 0% used [0x00000000dc000000,0x00000000dc000000,0x00000000dcc00000)
 ParOldGen       total 69632K, used 13778K [0x0000000081600000, 0x0000000085a00000, 0x00000000d5d00000)
  object space 69632K, 19% used [0x0000000081600000,0x00000000823748e0,0x0000000085a00000)
 Metaspace       used 36755K, capacity 37820K, committed 37888K, reserved 1081344K
  class space    used 4815K, capacity 5114K, committed 5120K, reserved 1048576K
}
Event: 434.974 GC heap before
{Heap before GC invocations=20 (full 2):
 PSYoungGen      total 81408K, used 81258K [0x00000000d5d00000, 0x00000000dcc00000, 0x0000000100000000)
  eden space 77312K, 100% used [0x00000000d5d00000,0x00000000da880000,0x00000000da880000)
  from space 4096K, 96% used [0x00000000db500000,0x00000000db8daaa0,0x00000000db900000)
  to   space 12288K, 0% used [0x00000000dc000000,0x00000000dc000000,0x00000000dcc00000)
 ParOldGen       total 69632K, used 13778K [0x0000000081600000, 0x0000000085a00000, 0x00000000d5d00000)
  object space 69632K, 19% used [0x0000000081600000,0x00000000823748e0,0x0000000085a00000)
 Metaspace       used 37649K, capacity 38966K, committed 39168K, reserved 1083392K
  class space    used 4985K, capacity 5359K, committed 5376K, reserved 1048576K
Event: 434.979 GC heap after
Heap after GC invocations=20 (full 2):
 PSYoungGen      total 79872K, used 4392K [0x00000000d5d00000, 0x00000000dc480000, 0x0000000100000000)
  eden space 75264K, 0% used [0x00000000d5d00000,0x00000000d5d00000,0x00000000da680000)
  from space 4608K, 95% used [0x00000000dc000000,0x00000000dc44a0f0,0x00000000dc480000)
  to   space 11776K, 0% used [0x00000000dad80000,0x00000000dad80000,0x00000000db900000)
 ParOldGen       total 69632K, used 13778K [0x0000000081600000, 0x0000000085a00000, 0x00000000d5d00000)
  object space 69632K, 19% used [0x0000000081600000,0x00000000823748e0,0x0000000085a00000)
 Metaspace       used 37649K, capacity 38966K, committed 39168K, reserved 1083392K
  class space    used 4985K, capacity 5359K, committed 5376K, reserved 1048576K
}
Event: 2897.680 GC heap before
{Heap before GC invocations=21 (full 2):
 PSYoungGen      total 79872K, used 79656K [0x00000000d5d00000, 0x00000000dc480000, 0x0000000100000000)
  eden space 75264K, 100% used [0x00000000d5d00000,0x00000000da680000,0x00000000da680000)
  from space 4608K, 95% used [0x00000000dc000000,0x00000000dc44a0f0,0x00000000dc480000)
  to   space 11776K, 0% used [0x00000000dad80000,0x00000000dad80000,0x00000000db900000)
 ParOldGen       total 69632K, used 13778K [0x0000000081600000, 0x0000000085a00000, 0x00000000d5d00000)
  object space 69632K, 19% used [0x0000000081600000,0x00000000823748e0,0x0000000085a00000)
 Metaspace       used 39676K, capacity 41126K, committed 41472K, reserved 1085440K
  class space    used 5320K, capacity 5761K, committed 5888K, reserved 1048576K
Event: 2897.691 GC heap after
Heap after GC invocations=21 (full 2):
 PSYoungGen      total 81408K, used 7766K [0x00000000d5d00000, 0x00000000dc080000, 0x0000000100000000)
  eden space 73216K, 0% used [0x00000000d5d00000,0x00000000d5d00000,0x00000000da480000)
  from space 8192K, 94% used [0x00000000dad80000,0x00000000db5159e0,0x00000000db580000)
  to   space 11264K, 0% used [0x00000000db580000,0x00000000db580000,0x00000000dc080000)
 ParOldGen       total 69632K, used 13778K [0x0000000081600000, 0x0000000085a00000, 0x00000000d5d00000)
  object space 69632K, 19% used [0x0000000081600000,0x00000000823748e0,0x0000000085a00000)
 Metaspace       used 39676K, capacity 41126K, committed 41472K, reserved 1085440K
  class space    used 5320K, capacity 5761K, committed 5888K, reserved 1048576K
}

Deoptimization events (10 events):
Event: 7.318 Thread 0x000000000300b000 Uncommon trap: reason=unhandled action=none pc=0x0000000003c7d3d4 method=java.net.URLClassLoader.findClass(Ljava/lang/String;)Ljava/lang/Class; @ 44
Event: 7.323 Thread 0x000000000300b000 Uncommon trap: reason=unhandled action=none pc=0x0000000003c7d3d4 method=java.net.URLClassLoader.findClass(Ljava/lang/String;)Ljava/lang/Class; @ 44
Event: 7.324 Thread 0x000000000300b000 Uncommon trap: reason=unhandled action=none pc=0x0000000003c7d3d4 method=java.net.URLClassLoader.findClass(Ljava/lang/String;)Ljava/lang/Class; @ 44
Event: 7.327 Thread 0x000000000300b000 Uncommon trap: reason=unhandled action=none pc=0x0000000003c7d3d4 method=java.net.URLClassLoader.findClass(Ljava/lang/String;)Ljava/lang/Class; @ 44
Event: 7.328 Thread 0x000000000300b000 Uncommon trap: reason=bimorphic action=maybe_recompile pc=0x0000000003e1637c method=com.google.common.collect.ImmutableSet$RegularSetBuilderImpl.add(Ljava/lang/Object;)Lcom/google/common/collect/ImmutableSet$SetBuilderImpl; @ 6
Event: 7.328 Thread 0x000000000300b000 Uncommon trap: reason=bimorphic action=maybe_recompile pc=0x0000000003e1637c method=com.google.common.collect.ImmutableSet$RegularSetBuilderImpl.add(Ljava/lang/Object;)Lcom/google/common/collect/ImmutableSet$SetBuilderImpl; @ 6
Event: 7.328 Thread 0x000000000300b000 Uncommon trap: reason=bimorphic action=maybe_recompile pc=0x0000000003e1637c method=com.google.common.collect.ImmutableSet$RegularSetBuilderImpl.add(Ljava/lang/Object;)Lcom/google/common/collect/ImmutableSet$SetBuilderImpl; @ 6
Event: 7.330 Thread 0x000000000300b000 Uncommon trap: reason=unhandled action=none pc=0x0000000003c7d3d4 method=java.net.URLClassLoader.findClass(Ljava/lang/String;)Ljava/lang/Class; @ 44
Event: 7.331 Thread 0x000000000300b000 Uncommon trap: reason=unstable_if action=reinterpret pc=0x000000000383e5c8 method=java.lang.String.regionMatches(ZILjava/lang/String;II)Z @ 123
Event: 7.331 Thread 0x000000000300b000 Uncommon trap: reason=unhandled action=none pc=0x0000000003c7d3d4 method=java.net.URLClassLoader.findClass(Ljava/lang/String;)Ljava/lang/Class; @ 44

Classes redefined (9 events):
Event: 118.318 Thread 0x000000001824d000 redefined class name=com.studentApp.junit.StudentInfo.CreateStudentDataDrivenClass, count=1
Event: 2897.711 Thread 0x000000001824d000 redefined class name=com.studentApp.junit.StudentInfo.CreateStudentDataDrivenClass, count=2
Event: 4078.847 Thread 0x000000001824d000 redefined class name=com.studentApp.junit.StudentInfo.CreateStudentDataDrivenClass, count=3
Event: 4314.937 Thread 0x000000001824d000 redefined class name=com.studentApp.junit.StudentInfo.CreateStudentDataDrivenClass, count=4
Event: 4370.208 Thread 0x000000001824d000 redefined class name=com.studentApp.junit.StudentInfo.CreateStudentDataDrivenClass, count=5
Event: 12637.755 Thread 0x000000001824d000 redefined class name=com.studentApp.testBase.TestBase, count=1
Event: 27851.483 Thread 0x000000001824d000 redefined class name=com.studentApp.cucumber.steps.StudentStepsClass, count=1
Event: 27851.547 Thread 0x000000001824d000 redefined class name=com.studentApp.testBase.TestBase, count=2
Event: 30721.701 Thread 0x000000001824d000 redefined class name=com.studentApp.testBase.TestBase, count=3

Internal exceptions (10 events):
Event: 15264.536 Thread 0x000000000300b000 Exception <a 'java/lang/ArrayIndexOutOfBoundsException': 146> (0x00000000d6c3d4f8) thrown at [C:\re\workspace\8-2-build-windows-amd64-cygwin\jdk8u181\11358\hotspot\src\share\vm\interpreter\interpreterRuntime.cpp, line 366]
Event: 15264.550 Thread 0x000000000300b000 Exception <a 'java/lang/ArrayIndexOutOfBoundsException': 87> (0x00000000d6c46648) thrown at [C:\re\workspace\8-2-build-windows-amd64-cygwin\jdk8u181\11358\hotspot\src\share\vm\interpreter\interpreterRuntime.cpp, line 366]
Event: 15264.557 Thread 0x000000000300b000 Exception <a 'java/lang/ArrayIndexOutOfBoundsException': 118> (0x00000000d6c49230) thrown at [C:\re\workspace\8-2-build-windows-amd64-cygwin\jdk8u181\11358\hotspot\src\share\vm\interpreter\interpreterRuntime.cpp, line 366]
Event: 15264.564 Thread 0x000000000300b000 Exception <a 'java/lang/ArrayIndexOutOfBoundsException': 91> (0x00000000d6c4c5d0) thrown at [C:\re\workspace\8-2-build-windows-amd64-cygwin\jdk8u181\11358\hotspot\src\share\vm\interpreter\interpreterRuntime.cpp, line 366]
Event: 15264.606 Thread 0x000000000300b000 Exception <a 'java/lang/ArrayIndexOutOfBoundsException': 90> (0x00000000d6c6e5d0) thrown at [C:\re\workspace\8-2-build-windows-amd64-cygwin\jdk8u181\11358\hotspot\src\share\vm\interpreter\interpreterRuntime.cpp, line 366]
Event: 15264.618 Thread 0x000000000300b000 Exception <a 'java/lang/ArrayIndexOutOfBoundsException': 83> (0x00000000d6c76110) thrown at [C:\re\workspace\8-2-build-windows-amd64-cygwin\jdk8u181\11358\hotspot\src\share\vm\interpreter\interpreterRuntime.cpp, line 366]
Event: 15264.626 Thread 0x000000000300b000 Exception <a 'java/lang/ArrayIndexOutOfBoundsException': 90> (0x00000000d6c7a228) thrown at [C:\re\workspace\8-2-build-windows-amd64-cygwin\jdk8u181\11358\hotspot\src\share\vm\interpreter\interpreterRuntime.cpp, line 366]
Event: 15264.645 Thread 0x000000000300b000 Exception <a 'java/lang/ArrayIndexOutOfBoundsException': 122> (0x00000000d6c87e88) thrown at [C:\re\workspace\8-2-build-windows-amd64-cygwin\jdk8u181\11358\hotspot\src\share\vm\interpreter\interpreterRuntime.cpp, line 366]
Event: 15264.670 Thread 0x000000000300b000 Exception <a 'java/lang/ArrayIndexOutOfBoundsException': 83> (0x00000000d6c9c4b8) thrown at [C:\re\workspace\8-2-build-windows-amd64-cygwin\jdk8u181\11358\hotspot\src\share\vm\interpreter\interpreterRuntime.cpp, line 366]
Event: 15264.687 Thread 0x000000000300b000 Exception <a 'java/lang/ArrayIndexOutOfBoundsException': 90> (0x00000000d6ca70b0) thrown at [C:\re\workspace\8-2-build-windows-amd64-cygwin\jdk8u181\11358\hotspot\src\share\vm\interpreter\interpreterRuntime.cpp, line 366]

Events (10 events):
Event: 30721.702 Executing VM operation: RedefineClasses done
Event: 167392.093 Executing VM operation: GetCurrentContendedMonitor
Event: 167392.516 Executing VM operation: GetCurrentContendedMonitor done
Event: 167392.518 Executing VM operation: GetOwnedMonitorInfo
Event: 167392.526 Executing VM operation: GetOwnedMonitorInfo done
Event: 167393.162 Executing VM operation: GetCurrentContendedMonitor
Event: 167393.162 Executing VM operation: GetCurrentContendedMonitor done
Event: 167393.163 Executing VM operation: GetOwnedMonitorInfo
Event: 167393.163 Executing VM operation: GetOwnedMonitorInfo done
Event: 167395.064 Executing VM operation: GetOrSetLocal


Dynamic libraries:
0x00007ff6b2ac0000 - 0x00007ff6b2af7000 	C:\Program Files\Java\jdk1.8.0_181\bin\javaw.exe
0x00007ffa11710000 - 0x00007ffa11906000 	C:\WINDOWS\SYSTEM32\ntdll.dll
0x00007ffa083e0000 - 0x00007ffa083f2000 	C:\Program Files\AVG\Antivirus\aswhook.dll
0x00007ffa11600000 - 0x00007ffa116bd000 	C:\WINDOWS\System32\KERNEL32.DLL
0x00007ffa0ef50000 - 0x00007ffa0f219000 	C:\WINDOWS\System32\KERNELBASE.dll
0x00007ffa10cc0000 - 0x00007ffa10d6c000 	C:\WINDOWS\System32\ADVAPI32.dll
0x00007ffa11530000 - 0x00007ffa115ce000 	C:\WINDOWS\System32\msvcrt.dll
0x00007ffa10150000 - 0x00007ffa101ec000 	C:\WINDOWS\System32\sechost.dll
0x00007ffa10b60000 - 0x00007ffa10c8b000 	C:\WINDOWS\System32\RPCRT4.dll
0x00007ffa10d70000 - 0x00007ffa10f10000 	C:\WINDOWS\System32\USER32.dll
0x00007ffa0f740000 - 0x00007ffa0f762000 	C:\WINDOWS\System32\win32u.dll
0x00007ffa115d0000 - 0x00007ffa115fa000 	C:\WINDOWS\System32\GDI32.dll
0x00007ffa0f630000 - 0x00007ffa0f739000 	C:\WINDOWS\System32\gdi32full.dll
0x00007ffa0eeb0000 - 0x00007ffa0ef4d000 	C:\WINDOWS\System32\msvcp_win.dll
0x00007ffa0f220000 - 0x00007ffa0f320000 	C:\WINDOWS\System32\ucrtbase.dll
0x00007ff9f6e50000 - 0x00007ff9f70eb000 	C:\WINDOWS\WinSxS\amd64_microsoft.windows.common-controls_6595b64144ccf1df_6.0.19041.488_none_ca04af081b815d21\COMCTL32.dll
0x00007ffa10c90000 - 0x00007ffa10cc0000 	C:\WINDOWS\System32\IMM32.DLL
0x000000005beb0000 - 0x000000005bf82000 	C:\Program Files\Java\jdk1.8.0_181\jre\bin\msvcr100.dll
0x000000005b410000 - 0x000000005bcb2000 	C:\Program Files\Java\jdk1.8.0_181\jre\bin\server\jvm.dll
0x00007ffa116c0000 - 0x00007ffa116c8000 	C:\WINDOWS\System32\PSAPI.DLL
0x00007ffa00730000 - 0x00007ffa00739000 	C:\WINDOWS\SYSTEM32\WSOCK32.dll
0x00007ffa109c0000 - 0x00007ffa10a2b000 	C:\WINDOWS\System32\WS2_32.dll
0x00007ffa00500000 - 0x00007ffa00527000 	C:\WINDOWS\SYSTEM32\WINMM.dll
0x00007ffa05e70000 - 0x00007ffa05e7a000 	C:\WINDOWS\SYSTEM32\VERSION.dll
0x000000005b320000 - 0x000000005b32f000 	C:\Program Files\Java\jdk1.8.0_181\jre\bin\verify.dll
0x000000005b2f0000 - 0x000000005b319000 	C:\Program Files\Java\jdk1.8.0_181\jre\bin\java.dll
0x000000005be70000 - 0x000000005bea5000 	C:\Program Files\Java\jdk1.8.0_181\jre\bin\jdwp.dll
0x000000005be60000 - 0x000000005be68000 	C:\Program Files\Java\jdk1.8.0_181\jre\bin\npt.dll
0x000000005be30000 - 0x000000005be53000 	C:\Program Files\Java\jdk1.8.0_181\jre\bin\instrument.dll
0x000000005b2d0000 - 0x000000005b2e6000 	C:\Program Files\Java\jdk1.8.0_181\jre\bin\zip.dll
0x00007ffa0f770000 - 0x00007ffa0feb2000 	C:\WINDOWS\System32\SHELL32.dll
0x00007ffa0ce10000 - 0x00007ffa0d5a5000 	C:\WINDOWS\SYSTEM32\windows.storage.dll
0x00007ffa10400000 - 0x00007ffa10756000 	C:\WINDOWS\System32\combase.dll
0x00007ffa0e720000 - 0x00007ffa0e74c000 	C:\WINDOWS\SYSTEM32\Wldp.dll
0x00007ffa10080000 - 0x00007ffa1012e000 	C:\WINDOWS\System32\SHCORE.dll
0x00007ffa10250000 - 0x00007ffa102a5000 	C:\WINDOWS\System32\shlwapi.dll
0x00007ffa0ed80000 - 0x00007ffa0eda6000 	C:\WINDOWS\SYSTEM32\profapi.dll
0x000000005be20000 - 0x000000005be29000 	C:\Program Files\Java\jdk1.8.0_181\jre\bin\dt_socket.dll
0x00007ffa09c30000 - 0x00007ffa09c47000 	C:\WINDOWS\system32\napinsp.dll
0x00007ffa09bc0000 - 0x00007ffa09bdb000 	C:\WINDOWS\system32\pnrpnsp.dll
0x00007ffa08ef0000 - 0x00007ffa08f05000 	C:\WINDOWS\system32\wshbth.dll
0x00007ffa08d50000 - 0x00007ffa08d6d000 	C:\WINDOWS\system32\NLAapi.dll
0x00007ffa0e220000 - 0x00007ffa0e25b000 	C:\WINDOWS\SYSTEM32\IPHLPAPI.DLL
0x00007ffa0e510000 - 0x00007ffa0e57a000 	C:\WINDOWS\System32\mswsock.dll
0x00007ffa0e260000 - 0x00007ffa0e32b000 	C:\WINDOWS\SYSTEM32\DNSAPI.dll
0x00007ffa0fec0000 - 0x00007ffa0fec8000 	C:\WINDOWS\System32\NSI.dll
0x00007ffa05fc0000 - 0x00007ffa05fd2000 	C:\WINDOWS\System32\winrnr.dll
0x00007ffa05d10000 - 0x00007ffa05d8f000 	C:\WINDOWS\System32\fwpuclnt.dll
0x00007ffa0f3d0000 - 0x00007ffa0f3f7000 	C:\WINDOWS\System32\bcrypt.dll
0x00007ffa05fa0000 - 0x00007ffa05faa000 	C:\Windows\System32\rasadhlp.dll
0x000000005b2b0000 - 0x000000005b2ca000 	C:\Program Files\Java\jdk1.8.0_181\jre\bin\net.dll
0x000000005b290000 - 0x000000005b2a1000 	C:\Program Files\Java\jdk1.8.0_181\jre\bin\nio.dll
0x000000005bfa0000 - 0x000000005bfc4000 	C:\Program Files\Java\jdk1.8.0_181\jre\bin\sunec.dll
0x00007ffa07d60000 - 0x00007ffa07d77000 	C:\WINDOWS\SYSTEM32\dhcpcsvc6.DLL
0x00007ffa07a60000 - 0x00007ffa07a7d000 	C:\WINDOWS\SYSTEM32\dhcpcsvc.DLL
0x00007ffa0e7d0000 - 0x00007ffa0e7e8000 	C:\WINDOWS\SYSTEM32\CRYPTSP.dll
0x00007ffa0dec0000 - 0x00007ffa0def4000 	C:\WINDOWS\system32\rsaenh.dll
0x00007ffa0ed00000 - 0x00007ffa0ed2e000 	C:\WINDOWS\SYSTEM32\USERENV.dll
0x00007ffa0f560000 - 0x00007ffa0f5e0000 	C:\WINDOWS\System32\bcryptprimitives.dll
0x00007ffa0e690000 - 0x00007ffa0e69c000 	C:\WINDOWS\SYSTEM32\CRYPTBASE.dll

VM Arguments:
jvm_args: -agentlib:jdwp=transport=dt_socket,suspend=y,address=localhost:50605 -ea -javaagent:C:\Files\software\eclipse\configuration\org.eclipse.osgi\252\0\.cp\lib\javaagent-shaded.jar -Dfile.encoding=UTF-8 
java_command: org.eclipse.jdt.internal.junit.runner.RemoteTestRunner -version 3 -port 50604 -testLoaderClass org.eclipse.jdt.internal.junit4.runner.JUnit4TestLoader -loaderpluginname org.eclipse.jdt.junit4.runtime -test com.studentApp.junit.StudentInfo.CreateStudentDataDrivenClass:createMultipleStudent
java_class_path (initial): C:\Files\kt\practice-ws\localbank\StudentApp\target\test-classes;C:\Files\kt\practice-ws\localbank\StudentApp\target\classes;C:\Users\RAGINI MISHRA\.m2\repository\net\serenity-bdd\serenity-rest-assured\2.3.10\serenity-rest-assured-2.3.10.jar;C:\Users\RAGINI MISHRA\.m2\repository\net\bytebuddy\byte-buddy\1.10.10\byte-buddy-1.10.10.jar;C:\Users\RAGINI MISHRA\.m2\repository\net\bytebuddy\byte-buddy-agent\1.10.10\byte-buddy-agent-1.10.10.jar;C:\Users\RAGINI MISHRA\.m2\repository\com\google\guava\guava\25.0-jre\guava-25.0-jre.jar;C:\Users\RAGINI MISHRA\.m2\repository\com\google\code\findbugs\jsr305\1.3.9\jsr305-1.3.9.jar;C:\Users\RAGINI MISHRA\.m2\repository\org\checkerframework\checker-compat-qual\2.0.0\checker-compat-qual-2.0.0.jar;C:\Users\RAGINI MISHRA\.m2\repository\com\google\errorprone\error_prone_annotations\2.1.3\error_prone_annotations-2.1.3.jar;C:\Users\RAGINI MISHRA\.m2\repository\com\google\j2objc\j2objc-annotations\1.1\j2objc-annotations-1.1.jar;C:\Users\RAGINI MISHRA\.m2\repository\org\codehaus\mojo\animal-sniffer-annotations\1.14\animal-sniffer-annotations-1.14.jar;C:\Users\RAGINI MISHRA\.m2\repository\com\google\inject\guice\4.2.2\guice-4.2.2.jar;C:\Users\RAGINI MISHRA\.m2\repository\javax\inject\javax.inject\1\javax.inject-1.jar;C:\Users\RAGINI MISHRA\.m2\repository\aopalliance\aopalliance\1.0\aopalliance-1.0.jar;C:\Users\RAGINI MISHRA\.m2\repository\org\ow2\asm\asm\8.0.1\asm-8.0.1.jar;C:\Users\RAGINI MISHRA\.m2\repository\commons-codec\commons-codec\1.10\commons-codec-1.10.jar;C:\Users\RAGINI MISHRA\.m2\repository\org\objenesis\objenesis\3.1\objenesis-3.1.jar;C:\Users\RAGINI MISHRA\.m2\repository\org\slf4j\slf4j-api\1.7.26\slf4j-api-1.7.26.jar;C:\Users\RAGINI MISHRA\.m2\repository\xml-apis\xml-apis\1.4.01\xml-apis-1.4.01.jar;C:\Users\RAGINI MISHRA\.m2\repository\io\cucumber\cucumber-core\6.6.0\cucumber-core-6.6.0.jar;C:\Users\RAGINI MISHRA\.m2\repository\io\cucumber\cucumber-gherkin\6.6.0\cucumber-gherkin-6.6.0.jar;C:\Users
Launcher Type: SUN_STANDARD

Environment Variables:
JAVA_HOME=C:\Program Files\Java\jdk1.8.0_181
PATH=C:\Program Files\Java\jdk1.8.0_181\jre\bin;C:/Program Files/Java/jdk1.8.0_181/bin/../jre/bin/server;C:/Program Files/Java/jdk1.8.0_181/bin/../jre/bin;C:/Program Files/Java/jdk1.8.0_181/bin/../jre/lib/amd64;C:\oracle\product\10.2.0\db_1\bin;"C:\Program Files (x86)\Common Files\Oracle\Java\javapath;";C:\Program Files (x86)\Intel\iCLS Client\;C:\Program Files\Intel\iCLS Client\;C:\WINDOWS\system32;C:\WINDOWS;C:\WINDOWS\System32\Wbem;C:\WINDOWS\System32\WindowsPowerShell\v1.0\;C:\Program Files (x86)\Intel\Intel(R) Management Engine Components\DAL;C:\Program Files\Intel\Intel(R) Management Engine Components\DAL;C:\Program Files (x86)\Intel\Intel(R) Management Engine Components\IPT;C:\Program Files\Intel\Intel(R) Management Engine Components\IPT;C:\WINDOWS\System32\OpenSSH\;C:\Users\RAGINI MISHRA\Videos\apache-maven-3.6.0\bin;C:\Program Files\Java\jdk1.8.0_181\bin;C:\Program Files\Docker\Docker\resources\bin;C:\ProgramData\DockerDesktop\version-bin;C:\Users\RAGINI MISHRA\AppData\Local\Microsoft\WindowsApps;C:\Program Files\Java\jdk1.8.0_181\bin\C:\Users\RAGINI MISHRA\Videos\apache-maven-3.6.0;C:\Program Files\Java\jdk1.8.0_181\bin;C:\Program Files\Java\webdriver;;C:\Files\software\eclipse;
USERNAME=RAGINI MISHRA
OS=Windows_NT
PROCESSOR_IDENTIFIER=Intel64 Family 6 Model 142 Stepping 10, GenuineIntel



---------------  S Y S T E M  ---------------

OS: Windows 10.0 , 64 bit Build 19041 (10.0.19041.662)

CPU:total 8 (initial active 8) (4 cores per cpu, 2 threads per core) family 6 model 142 stepping 10, cmov, cx8, fxsr, mmx, sse, sse2, sse3, ssse3, sse4.1, sse4.2, popcnt, avx, avx2, aes, clmul, erms, 3dnowpref, lzcnt, ht, tsc, tscinvbit, bmi1, bmi2, adx

Memory: 4k page, physical 8294628k(1359444k free), swap 25176660k(9958756k free)

vm_info: Java HotSpot(TM) 64-Bit Server VM (25.181-b13) for windows-amd64 JRE (1.8.0_181-b13), built on Jul  7 2018 04:01:33 by "java_re" with MS VC++ 10.0 (VS2010)

time: Mon Jan 18 14:25:46 2021
elapsed time: 167395 seconds (1d 22h 29m 55s)

